<?xml version="1.0" encoding="UTF-8"?>
<testsuite xmlns:xsi="http://www.w3.org/2001/XMLSchema-instance" xsi:noNamespaceSchemaLocation="https://maven.apache.org/surefire/maven-surefire-plugin/xsd/surefire-test-report.xsd" name="com.linkedin.batch.LinkedinBatchApplicationTests" time="3.524" tests="1" errors="0" skipped="0" failures="0">
  <properties>
    <property name="java.specification.version" value="16"/>
    <property name="sun.jnu.encoding" value="UTF-8"/>
    <property name="java.class.path" value="/home/siddharth/Desktop/FirstSpring/Spring_Batch3/target/test-classes:/home/siddharth/Desktop/FirstSpring/Spring_Batch3/target/classes:/home/siddharth/.m2/repository/org/springframework/boot/spring-boot-starter-batch/2.4.5/spring-boot-starter-batch-2.4.5.jar:/home/siddharth/.m2/repository/org/springframework/boot/spring-boot-starter/2.4.5/spring-boot-starter-2.4.5.jar:/home/siddharth/.m2/repository/org/springframework/boot/spring-boot/2.4.5/spring-boot-2.4.5.jar:/home/siddharth/.m2/repository/org/springframework/boot/spring-boot-autoconfigure/2.4.5/spring-boot-autoconfigure-2.4.5.jar:/home/siddharth/.m2/repository/org/springframework/boot/spring-boot-starter-logging/2.4.5/spring-boot-starter-logging-2.4.5.jar:/home/siddharth/.m2/repository/ch/qos/logback/logback-classic/1.2.3/logback-classic-1.2.3.jar:/home/siddharth/.m2/repository/ch/qos/logback/logback-core/1.2.3/logback-core-1.2.3.jar:/home/siddharth/.m2/repository/org/apache/logging/log4j/log4j-to-slf4j/2.13.3/log4j-to-slf4j-2.13.3.jar:/home/siddharth/.m2/repository/org/apache/logging/log4j/log4j-api/2.13.3/log4j-api-2.13.3.jar:/home/siddharth/.m2/repository/org/slf4j/jul-to-slf4j/1.7.30/jul-to-slf4j-1.7.30.jar:/home/siddharth/.m2/repository/jakarta/annotation/jakarta.annotation-api/1.3.5/jakarta.annotation-api-1.3.5.jar:/home/siddharth/.m2/repository/org/yaml/snakeyaml/1.27/snakeyaml-1.27.jar:/home/siddharth/.m2/repository/org/springframework/boot/spring-boot-starter-jdbc/2.4.5/spring-boot-starter-jdbc-2.4.5.jar:/home/siddharth/.m2/repository/com/zaxxer/HikariCP/3.4.5/HikariCP-3.4.5.jar:/home/siddharth/.m2/repository/org/springframework/batch/spring-batch-core/4.3.2/spring-batch-core-4.3.2.jar:/home/siddharth/.m2/repository/com/fasterxml/jackson/core/jackson-databind/2.11.4/jackson-databind-2.11.4.jar:/home/siddharth/.m2/repository/com/fasterxml/jackson/core/jackson-annotations/2.11.4/jackson-annotations-2.11.4.jar:/home/siddharth/.m2/repository/com/fasterxml/jackson/core/jackson-core/2.11.4/jackson-core-2.11.4.jar:/home/siddharth/.m2/repository/io/micrometer/micrometer-core/1.6.6/micrometer-core-1.6.6.jar:/home/siddharth/.m2/repository/org/hdrhistogram/HdrHistogram/2.1.12/HdrHistogram-2.1.12.jar:/home/siddharth/.m2/repository/org/latencyutils/LatencyUtils/2.0.3/LatencyUtils-2.0.3.jar:/home/siddharth/.m2/repository/javax/batch/javax.batch-api/1.0/javax.batch-api-1.0.jar:/home/siddharth/.m2/repository/org/codehaus/jettison/jettison/1.2/jettison-1.2.jar:/home/siddharth/.m2/repository/org/springframework/batch/spring-batch-infrastructure/4.3.2/spring-batch-infrastructure-4.3.2.jar:/home/siddharth/.m2/repository/org/springframework/retry/spring-retry/1.3.1/spring-retry-1.3.1.jar:/home/siddharth/.m2/repository/javax/annotation/javax.annotation-api/1.3.2/javax.annotation-api-1.3.2.jar:/home/siddharth/.m2/repository/org/springframework/spring-aop/5.3.6/spring-aop-5.3.6.jar:/home/siddharth/.m2/repository/org/springframework/spring-beans/5.3.6/spring-beans-5.3.6.jar:/home/siddharth/.m2/repository/org/springframework/spring-context/5.3.6/spring-context-5.3.6.jar:/home/siddharth/.m2/repository/org/springframework/spring-expression/5.3.6/spring-expression-5.3.6.jar:/home/siddharth/.m2/repository/org/springframework/spring-tx/5.3.6/spring-tx-5.3.6.jar:/home/siddharth/.m2/repository/mysql/mysql-connector-java/8.0.23/mysql-connector-java-8.0.23.jar:/home/siddharth/.m2/repository/org/springframework/boot/spring-boot-starter-test/2.4.5/spring-boot-starter-test-2.4.5.jar:/home/siddharth/.m2/repository/org/springframework/boot/spring-boot-test/2.4.5/spring-boot-test-2.4.5.jar:/home/siddharth/.m2/repository/org/springframework/boot/spring-boot-test-autoconfigure/2.4.5/spring-boot-test-autoconfigure-2.4.5.jar:/home/siddharth/.m2/repository/com/jayway/jsonpath/json-path/2.4.0/json-path-2.4.0.jar:/home/siddharth/.m2/repository/net/minidev/json-smart/2.3/json-smart-2.3.jar:/home/siddharth/.m2/repository/net/minidev/accessors-smart/1.2/accessors-smart-1.2.jar:/home/siddharth/.m2/repository/org/ow2/asm/asm/5.0.4/asm-5.0.4.jar:/home/siddharth/.m2/repository/org/slf4j/slf4j-api/1.7.30/slf4j-api-1.7.30.jar:/home/siddharth/.m2/repository/jakarta/xml/bind/jakarta.xml.bind-api/2.3.3/jakarta.xml.bind-api-2.3.3.jar:/home/siddharth/.m2/repository/jakarta/activation/jakarta.activation-api/1.2.2/jakarta.activation-api-1.2.2.jar:/home/siddharth/.m2/repository/org/assertj/assertj-core/3.18.1/assertj-core-3.18.1.jar:/home/siddharth/.m2/repository/org/hamcrest/hamcrest/2.2/hamcrest-2.2.jar:/home/siddharth/.m2/repository/org/junit/jupiter/junit-jupiter/5.7.1/junit-jupiter-5.7.1.jar:/home/siddharth/.m2/repository/org/junit/jupiter/junit-jupiter-api/5.7.1/junit-jupiter-api-5.7.1.jar:/home/siddharth/.m2/repository/org/apiguardian/apiguardian-api/1.1.0/apiguardian-api-1.1.0.jar:/home/siddharth/.m2/repository/org/opentest4j/opentest4j/1.2.0/opentest4j-1.2.0.jar:/home/siddharth/.m2/repository/org/junit/platform/junit-platform-commons/1.7.1/junit-platform-commons-1.7.1.jar:/home/siddharth/.m2/repository/org/junit/jupiter/junit-jupiter-params/5.7.1/junit-jupiter-params-5.7.1.jar:/home/siddharth/.m2/repository/org/junit/jupiter/junit-jupiter-engine/5.7.1/junit-jupiter-engine-5.7.1.jar:/home/siddharth/.m2/repository/org/junit/platform/junit-platform-engine/1.7.1/junit-platform-engine-1.7.1.jar:/home/siddharth/.m2/repository/org/mockito/mockito-core/3.6.28/mockito-core-3.6.28.jar:/home/siddharth/.m2/repository/net/bytebuddy/byte-buddy/1.10.22/byte-buddy-1.10.22.jar:/home/siddharth/.m2/repository/net/bytebuddy/byte-buddy-agent/1.10.22/byte-buddy-agent-1.10.22.jar:/home/siddharth/.m2/repository/org/objenesis/objenesis/3.1/objenesis-3.1.jar:/home/siddharth/.m2/repository/org/mockito/mockito-junit-jupiter/3.6.28/mockito-junit-jupiter-3.6.28.jar:/home/siddharth/.m2/repository/org/skyscreamer/jsonassert/1.5.0/jsonassert-1.5.0.jar:/home/siddharth/.m2/repository/com/vaadin/external/google/android-json/0.0.20131108.vaadin1/android-json-0.0.20131108.vaadin1.jar:/home/siddharth/.m2/repository/org/springframework/spring-core/5.3.6/spring-core-5.3.6.jar:/home/siddharth/.m2/repository/org/springframework/spring-jcl/5.3.6/spring-jcl-5.3.6.jar:/home/siddharth/.m2/repository/org/springframework/spring-test/5.3.6/spring-test-5.3.6.jar:/home/siddharth/.m2/repository/org/xmlunit/xmlunit-core/2.7.0/xmlunit-core-2.7.0.jar:/home/siddharth/.m2/repository/org/springframework/batch/spring-batch-test/4.3.2/spring-batch-test-4.3.2.jar:/home/siddharth/.m2/repository/junit/junit/4.13.2/junit-4.13.2.jar:/home/siddharth/.m2/repository/org/hamcrest/hamcrest-core/2.2/hamcrest-core-2.2.jar:/home/siddharth/.m2/repository/org/springframework/spring-jdbc/5.3.6/spring-jdbc-5.3.6.jar:"/>
    <property name="java.vm.vendor" value="Oracle Corporation"/>
    <property name="sun.arch.data.model" value="64"/>
    <property name="java.vendor.url" value="https://java.oracle.com/"/>
    <property name="os.name" value="Linux"/>
    <property name="java.vm.specification.version" value="16"/>
    <property name="sun.java.launcher" value="SUN_STANDARD"/>
    <property name="user.country" value="IN"/>
    <property name="sun.boot.library.path" value="/home/siddharth/.jdks/openjdk-16.0.1/lib"/>
    <property name="sun.java.command" value="/home/siddharth/Desktop/FirstSpring/Spring_Batch3/target/surefire/surefirebooter5172244213628065271.jar /home/siddharth/Desktop/FirstSpring/Spring_Batch3/target/surefire 2021-05-07T17-55-54_458-jvmRun1 surefire1982112804214972684tmp surefire_013589222854245416696tmp"/>
    <property name="jdk.debug" value="release"/>
    <property name="surefire.test.class.path" value="/home/siddharth/Desktop/FirstSpring/Spring_Batch3/target/test-classes:/home/siddharth/Desktop/FirstSpring/Spring_Batch3/target/classes:/home/siddharth/.m2/repository/org/springframework/boot/spring-boot-starter-batch/2.4.5/spring-boot-starter-batch-2.4.5.jar:/home/siddharth/.m2/repository/org/springframework/boot/spring-boot-starter/2.4.5/spring-boot-starter-2.4.5.jar:/home/siddharth/.m2/repository/org/springframework/boot/spring-boot/2.4.5/spring-boot-2.4.5.jar:/home/siddharth/.m2/repository/org/springframework/boot/spring-boot-autoconfigure/2.4.5/spring-boot-autoconfigure-2.4.5.jar:/home/siddharth/.m2/repository/org/springframework/boot/spring-boot-starter-logging/2.4.5/spring-boot-starter-logging-2.4.5.jar:/home/siddharth/.m2/repository/ch/qos/logback/logback-classic/1.2.3/logback-classic-1.2.3.jar:/home/siddharth/.m2/repository/ch/qos/logback/logback-core/1.2.3/logback-core-1.2.3.jar:/home/siddharth/.m2/repository/org/apache/logging/log4j/log4j-to-slf4j/2.13.3/log4j-to-slf4j-2.13.3.jar:/home/siddharth/.m2/repository/org/apache/logging/log4j/log4j-api/2.13.3/log4j-api-2.13.3.jar:/home/siddharth/.m2/repository/org/slf4j/jul-to-slf4j/1.7.30/jul-to-slf4j-1.7.30.jar:/home/siddharth/.m2/repository/jakarta/annotation/jakarta.annotation-api/1.3.5/jakarta.annotation-api-1.3.5.jar:/home/siddharth/.m2/repository/org/yaml/snakeyaml/1.27/snakeyaml-1.27.jar:/home/siddharth/.m2/repository/org/springframework/boot/spring-boot-starter-jdbc/2.4.5/spring-boot-starter-jdbc-2.4.5.jar:/home/siddharth/.m2/repository/com/zaxxer/HikariCP/3.4.5/HikariCP-3.4.5.jar:/home/siddharth/.m2/repository/org/springframework/batch/spring-batch-core/4.3.2/spring-batch-core-4.3.2.jar:/home/siddharth/.m2/repository/com/fasterxml/jackson/core/jackson-databind/2.11.4/jackson-databind-2.11.4.jar:/home/siddharth/.m2/repository/com/fasterxml/jackson/core/jackson-annotations/2.11.4/jackson-annotations-2.11.4.jar:/home/siddharth/.m2/repository/com/fasterxml/jackson/core/jackson-core/2.11.4/jackson-core-2.11.4.jar:/home/siddharth/.m2/repository/io/micrometer/micrometer-core/1.6.6/micrometer-core-1.6.6.jar:/home/siddharth/.m2/repository/org/hdrhistogram/HdrHistogram/2.1.12/HdrHistogram-2.1.12.jar:/home/siddharth/.m2/repository/org/latencyutils/LatencyUtils/2.0.3/LatencyUtils-2.0.3.jar:/home/siddharth/.m2/repository/javax/batch/javax.batch-api/1.0/javax.batch-api-1.0.jar:/home/siddharth/.m2/repository/org/codehaus/jettison/jettison/1.2/jettison-1.2.jar:/home/siddharth/.m2/repository/org/springframework/batch/spring-batch-infrastructure/4.3.2/spring-batch-infrastructure-4.3.2.jar:/home/siddharth/.m2/repository/org/springframework/retry/spring-retry/1.3.1/spring-retry-1.3.1.jar:/home/siddharth/.m2/repository/javax/annotation/javax.annotation-api/1.3.2/javax.annotation-api-1.3.2.jar:/home/siddharth/.m2/repository/org/springframework/spring-aop/5.3.6/spring-aop-5.3.6.jar:/home/siddharth/.m2/repository/org/springframework/spring-beans/5.3.6/spring-beans-5.3.6.jar:/home/siddharth/.m2/repository/org/springframework/spring-context/5.3.6/spring-context-5.3.6.jar:/home/siddharth/.m2/repository/org/springframework/spring-expression/5.3.6/spring-expression-5.3.6.jar:/home/siddharth/.m2/repository/org/springframework/spring-tx/5.3.6/spring-tx-5.3.6.jar:/home/siddharth/.m2/repository/mysql/mysql-connector-java/8.0.23/mysql-connector-java-8.0.23.jar:/home/siddharth/.m2/repository/org/springframework/boot/spring-boot-starter-test/2.4.5/spring-boot-starter-test-2.4.5.jar:/home/siddharth/.m2/repository/org/springframework/boot/spring-boot-test/2.4.5/spring-boot-test-2.4.5.jar:/home/siddharth/.m2/repository/org/springframework/boot/spring-boot-test-autoconfigure/2.4.5/spring-boot-test-autoconfigure-2.4.5.jar:/home/siddharth/.m2/repository/com/jayway/jsonpath/json-path/2.4.0/json-path-2.4.0.jar:/home/siddharth/.m2/repository/net/minidev/json-smart/2.3/json-smart-2.3.jar:/home/siddharth/.m2/repository/net/minidev/accessors-smart/1.2/accessors-smart-1.2.jar:/home/siddharth/.m2/repository/org/ow2/asm/asm/5.0.4/asm-5.0.4.jar:/home/siddharth/.m2/repository/org/slf4j/slf4j-api/1.7.30/slf4j-api-1.7.30.jar:/home/siddharth/.m2/repository/jakarta/xml/bind/jakarta.xml.bind-api/2.3.3/jakarta.xml.bind-api-2.3.3.jar:/home/siddharth/.m2/repository/jakarta/activation/jakarta.activation-api/1.2.2/jakarta.activation-api-1.2.2.jar:/home/siddharth/.m2/repository/org/assertj/assertj-core/3.18.1/assertj-core-3.18.1.jar:/home/siddharth/.m2/repository/org/hamcrest/hamcrest/2.2/hamcrest-2.2.jar:/home/siddharth/.m2/repository/org/junit/jupiter/junit-jupiter/5.7.1/junit-jupiter-5.7.1.jar:/home/siddharth/.m2/repository/org/junit/jupiter/junit-jupiter-api/5.7.1/junit-jupiter-api-5.7.1.jar:/home/siddharth/.m2/repository/org/apiguardian/apiguardian-api/1.1.0/apiguardian-api-1.1.0.jar:/home/siddharth/.m2/repository/org/opentest4j/opentest4j/1.2.0/opentest4j-1.2.0.jar:/home/siddharth/.m2/repository/org/junit/platform/junit-platform-commons/1.7.1/junit-platform-commons-1.7.1.jar:/home/siddharth/.m2/repository/org/junit/jupiter/junit-jupiter-params/5.7.1/junit-jupiter-params-5.7.1.jar:/home/siddharth/.m2/repository/org/junit/jupiter/junit-jupiter-engine/5.7.1/junit-jupiter-engine-5.7.1.jar:/home/siddharth/.m2/repository/org/junit/platform/junit-platform-engine/1.7.1/junit-platform-engine-1.7.1.jar:/home/siddharth/.m2/repository/org/mockito/mockito-core/3.6.28/mockito-core-3.6.28.jar:/home/siddharth/.m2/repository/net/bytebuddy/byte-buddy/1.10.22/byte-buddy-1.10.22.jar:/home/siddharth/.m2/repository/net/bytebuddy/byte-buddy-agent/1.10.22/byte-buddy-agent-1.10.22.jar:/home/siddharth/.m2/repository/org/objenesis/objenesis/3.1/objenesis-3.1.jar:/home/siddharth/.m2/repository/org/mockito/mockito-junit-jupiter/3.6.28/mockito-junit-jupiter-3.6.28.jar:/home/siddharth/.m2/repository/org/skyscreamer/jsonassert/1.5.0/jsonassert-1.5.0.jar:/home/siddharth/.m2/repository/com/vaadin/external/google/android-json/0.0.20131108.vaadin1/android-json-0.0.20131108.vaadin1.jar:/home/siddharth/.m2/repository/org/springframework/spring-core/5.3.6/spring-core-5.3.6.jar:/home/siddharth/.m2/repository/org/springframework/spring-jcl/5.3.6/spring-jcl-5.3.6.jar:/home/siddharth/.m2/repository/org/springframework/spring-test/5.3.6/spring-test-5.3.6.jar:/home/siddharth/.m2/repository/org/xmlunit/xmlunit-core/2.7.0/xmlunit-core-2.7.0.jar:/home/siddharth/.m2/repository/org/springframework/batch/spring-batch-test/4.3.2/spring-batch-test-4.3.2.jar:/home/siddharth/.m2/repository/junit/junit/4.13.2/junit-4.13.2.jar:/home/siddharth/.m2/repository/org/hamcrest/hamcrest-core/2.2/hamcrest-core-2.2.jar:/home/siddharth/.m2/repository/org/springframework/spring-jdbc/5.3.6/spring-jdbc-5.3.6.jar:"/>
    <property name="sun.cpu.endian" value="little"/>
    <property name="user.home" value="/home/siddharth"/>
    <property name="user.language" value="en"/>
    <property name="java.specification.vendor" value="Oracle Corporation"/>
    <property name="java.version.date" value="2021-04-20"/>
    <property name="java.home" value="/home/siddharth/.jdks/openjdk-16.0.1"/>
    <property name="file.separator" value="/"/>
    <property name="basedir" value="/home/siddharth/Desktop/FirstSpring/Spring_Batch3"/>
    <property name="java.vm.compressedOopsMode" value="Zero based"/>
    <property name="line.separator" value="&#10;"/>
    <property name="java.vm.specification.vendor" value="Oracle Corporation"/>
    <property name="java.specification.name" value="Java Platform API Specification"/>
    <property name="surefire.real.class.path" value="/home/siddharth/Desktop/FirstSpring/Spring_Batch3/target/surefire/surefirebooter5172244213628065271.jar"/>
    <property name="sun.management.compiler" value="HotSpot 64-Bit Tiered Compilers"/>
    <property name="java.runtime.version" value="16.0.1+9-24"/>
    <property name="user.name" value="siddharth"/>
    <property name="path.separator" value=":"/>
    <property name="os.version" value="5.4.0-72-generic"/>
    <property name="java.runtime.name" value="OpenJDK Runtime Environment"/>
    <property name="file.encoding" value="UTF-8"/>
    <property name="java.vm.name" value="OpenJDK 64-Bit Server VM"/>
    <property name="localRepository" value="/home/siddharth/.m2/repository"/>
    <property name="java.vendor.url.bug" value="https://bugreport.java.com/bugreport/"/>
    <property name="java.io.tmpdir" value="/tmp"/>
    <property name="idea.version" value="2021.1.1"/>
    <property name="java.version" value="16.0.1"/>
    <property name="user.dir" value="/home/siddharth/Desktop/FirstSpring/Spring_Batch3"/>
    <property name="os.arch" value="amd64"/>
    <property name="java.vm.specification.name" value="Java Virtual Machine Specification"/>
    <property name="java.library.path" value="/usr/java/packages/lib:/usr/lib64:/lib64:/lib:/usr/lib"/>
    <property name="java.vm.info" value="mixed mode, sharing"/>
    <property name="java.vendor" value="Oracle Corporation"/>
    <property name="java.vm.version" value="16.0.1+9-24"/>
    <property name="sun.io.unicode.encoding" value="UnicodeLittle"/>
    <property name="java.class.version" value="60.0"/>
  </properties>
  <testcase name="contextLoads" classname="com.linkedin.batch.LinkedinBatchApplicationTests" time="0.268"/>
</testsuite>